::1 - - [15/Jan/2018:06:38:51 +0000] "GET /favicon.ico HTTP/1.1" 500 23 "http://localhost:8000/" "Mozilla/5.0 (X11; Linux x86_64) AppleWebKit/537.36 (KHTML, like Gecko) Chrome/60.0.3112.101 Safari/537.36"
::1 - - [15/Jan/2018:06:38:52 +0000] "GET /favicon.ico HTTP/1.1" 500 23 "http://localhost:8000/" "Mozilla/5.0 (X11; Linux x86_64) AppleWebKit/537.36 (KHTML, like Gecko) Chrome/60.0.3112.101 Safari/537.36"
::1 - - [15/Jan/2018:06:38:52 +0000] "POST /user/getList HTTP/1.1" 200 188 "http://localhost:8000/" "Mozilla/5.0 (X11; Linux x86_64) AppleWebKit/537.36 (KHTML, like Gecko) Chrome/60.0.3112.101 Safari/537.36"
::1 - - [15/Jan/2018:06:38:53 +0000] "GET /favicon.ico HTTP/1.1" 500 23 "http://localhost:8000/" "Mozilla/5.0 (X11; Linux x86_64) AppleWebKit/537.36 (KHTML, like Gecko) Chrome/60.0.3112.101 Safari/537.36"
::1 - - [15/Jan/2018:06:38:53 +0000] "POST /payment/getList HTTP/1.1" 200 15 "http://localhost:8000/" "Mozilla/5.0 (X11; Linux x86_64) AppleWebKit/537.36 (KHTML, like Gecko) Chrome/60.0.3112.101 Safari/537.36"
::1 - - [15/Jan/2018:06:38:57 +0000] "POST /user/getList HTTP/1.1" 200 128 "http://localhost:8000/" "Mozilla/5.0 (X11; Linux x86_64) AppleWebKit/537.36 (KHTML, like Gecko) Chrome/60.0.3112.101 Safari/537.36"
::1 - - [15/Jan/2018:06:38:57 +0000] "POST /user/getList HTTP/1.1" 200 69 "http://localhost:8000/" "Mozilla/5.0 (X11; Linux x86_64) AppleWebKit/537.36 (KHTML, like Gecko) Chrome/60.0.3112.101 Safari/537.36"
::1 - - [15/Jan/2018:06:38:57 +0000] "POST /user/getList HTTP/1.1" 200 69 "http://localhost:8000/" "Mozilla/5.0 (X11; Linux x86_64) AppleWebKit/537.36 (KHTML, like Gecko) Chrome/60.0.3112.101 Safari/537.36"
::1 - - [15/Jan/2018:06:38:58 +0000] "POST /user/getList HTTP/1.1" 200 128 "http://localhost:8000/" "Mozilla/5.0 (X11; Linux x86_64) AppleWebKit/537.36 (KHTML, like Gecko) Chrome/60.0.3112.101 Safari/537.36"
::1 - - [15/Jan/2018:06:38:58 +0000] "POST /user/getList HTTP/1.1" 200 70 "http://localhost:8000/" "Mozilla/5.0 (X11; Linux x86_64) AppleWebKit/537.36 (KHTML, like Gecko) Chrome/60.0.3112.101 Safari/537.36"
::1 - - [15/Jan/2018:06:38:58 +0000] "POST /user/getList HTTP/1.1" 200 70 "http://localhost:8000/" "Mozilla/5.0 (X11; Linux x86_64) AppleWebKit/537.36 (KHTML, like Gecko) Chrome/60.0.3112.101 Safari/537.36"
::1 - - [15/Jan/2018:06:38:58 +0000] "POST /user/getList HTTP/1.1" 200 70 "http://localhost:8000/" "Mozilla/5.0 (X11; Linux x86_64) AppleWebKit/537.36 (KHTML, like Gecko) Chrome/60.0.3112.101 Safari/537.36"
::1 - - [15/Jan/2018:06:39:00 +0000] "POST /payment/create HTTP/1.1" 200 34 "http://localhost:8000/" "Mozilla/5.0 (X11; Linux x86_64) AppleWebKit/537.36 (KHTML, like Gecko) Chrome/60.0.3112.101 Safari/537.36"
::1 - - [15/Jan/2018:06:39:17 +0000] "GET /favicon.ico HTTP/1.1" 500 23 "http://localhost:8000/" "Mozilla/5.0 (X11; Linux x86_64) AppleWebKit/537.36 (KHTML, like Gecko) Chrome/60.0.3112.101 Safari/537.36"
::1 - - [15/Jan/2018:06:39:17 +0000] "POST /payment/getList HTTP/1.1" 200 106 "http://localhost:8000/" "Mozilla/5.0 (X11; Linux x86_64) AppleWebKit/537.36 (KHTML, like Gecko) Chrome/60.0.3112.101 Safari/537.36"
::1 - - [15/Jan/2018:06:39:27 +0000] "GET /externalModules/css/bootstrap.css.map HTTP/1.1" 500 23 "-" "Mozilla/5.0 (X11; Linux x86_64) AppleWebKit/537.36 (KHTML, like Gecko) Chrome/60.0.3112.101 Safari/537.36"
::1 - - [15/Jan/2018:06:39:49 +0000] "GET /externalModules/css/bootstrap.css.map HTTP/1.1" 500 23 "-" "Mozilla/5.0 (X11; Linux x86_64) AppleWebKit/537.36 (KHTML, like Gecko) Chrome/60.0.3112.101 Safari/537.36"
::1 - - [15/Jan/2018:06:39:49 +0000] "GET /favicon.ico HTTP/1.1" 500 23 "http://localhost:8000/" "Mozilla/5.0 (X11; Linux x86_64) AppleWebKit/537.36 (KHTML, like Gecko) Chrome/60.0.3112.101 Safari/537.36"
::1 - - [15/Jan/2018:06:39:49 +0000] "POST /payment/getList HTTP/1.1" 200 106 "http://localhost:8000/" "Mozilla/5.0 (X11; Linux x86_64) AppleWebKit/537.36 (KHTML, like Gecko) Chrome/60.0.3112.101 Safari/537.36"
::1 - - [15/Jan/2018:06:40:26 +0000] "POST /user/getList HTTP/1.1" 200 128 "http://localhost:8000/" "Mozilla/5.0 (X11; Linux x86_64) AppleWebKit/537.36 (KHTML, like Gecko) Chrome/60.0.3112.101 Safari/537.36"
::1 - - [15/Jan/2018:06:40:26 +0000] "POST /user/getList HTTP/1.1" 200 69 "http://localhost:8000/" "Mozilla/5.0 (X11; Linux x86_64) AppleWebKit/537.36 (KHTML, like Gecko) Chrome/60.0.3112.101 Safari/537.36"
::1 - - [15/Jan/2018:06:40:27 +0000] "POST /user/getList HTTP/1.1" 200 128 "http://localhost:8000/" "Mozilla/5.0 (X11; Linux x86_64) AppleWebKit/537.36 (KHTML, like Gecko) Chrome/60.0.3112.101 Safari/537.36"
::1 - - [15/Jan/2018:06:40:27 +0000] "POST /user/getList HTTP/1.1" 200 70 "http://localhost:8000/" "Mozilla/5.0 (X11; Linux x86_64) AppleWebKit/537.36 (KHTML, like Gecko) Chrome/60.0.3112.101 Safari/537.36"
::1 - - [15/Jan/2018:06:42:05 +0000] "GET /externalModules/css/bootstrap.css.map HTTP/1.1" 500 23 "-" "Mozilla/5.0 (X11; Linux x86_64) AppleWebKit/537.36 (KHTML, like Gecko) Chrome/60.0.3112.101 Safari/537.36"
::1 - - [15/Jan/2018:06:42:05 +0000] "GET /favicon.ico HTTP/1.1" 500 23 "http://localhost:8000/" "Mozilla/5.0 (X11; Linux x86_64) AppleWebKit/537.36 (KHTML, like Gecko) Chrome/60.0.3112.101 Safari/537.36"
::1 - - [15/Jan/2018:06:42:05 +0000] "POST /payment/getList HTTP/1.1" 200 106 "http://localhost:8000/" "Mozilla/5.0 (X11; Linux x86_64) AppleWebKit/537.36 (KHTML, like Gecko) Chrome/60.0.3112.101 Safari/537.36"
::1 - - [15/Jan/2018:06:42:13 +0000] "POST /user/getList HTTP/1.1" 200 128 "http://localhost:8000/" "Mozilla/5.0 (X11; Linux x86_64) AppleWebKit/537.36 (KHTML, like Gecko) Chrome/60.0.3112.101 Safari/537.36"
::1 - - [15/Jan/2018:06:42:13 +0000] "POST /user/getList HTTP/1.1" 200 69 "http://localhost:8000/" "Mozilla/5.0 (X11; Linux x86_64) AppleWebKit/537.36 (KHTML, like Gecko) Chrome/60.0.3112.101 Safari/537.36"
::1 - - [15/Jan/2018:06:42:15 +0000] "POST /user/getList HTTP/1.1" 200 128 "http://localhost:8000/" "Mozilla/5.0 (X11; Linux x86_64) AppleWebKit/537.36 (KHTML, like Gecko) Chrome/60.0.3112.101 Safari/537.36"
::1 - - [15/Jan/2018:06:42:15 +0000] "POST /user/getList HTTP/1.1" 200 70 "http://localhost:8000/" "Mozilla/5.0 (X11; Linux x86_64) AppleWebKit/537.36 (KHTML, like Gecko) Chrome/60.0.3112.101 Safari/537.36"
::1 - - [15/Jan/2018:06:42:21 +0000] "POST /payment/create HTTP/1.1" 200 34 "http://localhost:8000/" "Mozilla/5.0 (X11; Linux x86_64) AppleWebKit/537.36 (KHTML, like Gecko) Chrome/60.0.3112.101 Safari/537.36"
::1 - - [15/Jan/2018:06:43:27 +0000] "GET /favicon.ico HTTP/1.1" 500 23 "http://localhost:8000/" "Mozilla/5.0 (X11; Linux x86_64) AppleWebKit/537.36 (KHTML, like Gecko) Chrome/60.0.3112.101 Safari/537.36"
::1 - - [15/Jan/2018:06:43:27 +0000] "POST /hotel/getList HTTP/1.1" 200 145 "http://localhost:8000/" "Mozilla/5.0 (X11; Linux x86_64) AppleWebKit/537.36 (KHTML, like Gecko) Chrome/60.0.3112.101 Safari/537.36"
::1 - - [15/Jan/2018:06:43:27 +0000] "GET /favicon.ico HTTP/1.1" 500 23 "http://localhost:8000/" "Mozilla/5.0 (X11; Linux x86_64) AppleWebKit/537.36 (KHTML, like Gecko) Chrome/60.0.3112.101 Safari/537.36"
::1 - - [15/Jan/2018:06:43:27 +0000] "POST /eatHistory/getList HTTP/1.1" 200 - "http://localhost:8000/" "Mozilla/5.0 (X11; Linux x86_64) AppleWebKit/537.36 (KHTML, like Gecko) Chrome/60.0.3112.101 Safari/537.36"
::1 - - [15/Jan/2018:06:43:28 +0000] "POST /payment/getList HTTP/1.1" 200 15 "http://localhost:8000/" "Mozilla/5.0 (X11; Linux x86_64) AppleWebKit/537.36 (KHTML, like Gecko) Chrome/60.0.3112.101 Safari/537.36"
::1 - - [15/Jan/2018:06:43:28 +0000] "GET /favicon.ico HTTP/1.1" 500 23 "http://localhost:8000/" "Mozilla/5.0 (X11; Linux x86_64) AppleWebKit/537.36 (KHTML, like Gecko) Chrome/60.0.3112.101 Safari/537.36"
::1 - - [15/Jan/2018:06:43:31 +0000] "POST /user/getList HTTP/1.1" 200 128 "http://localhost:8000/" "Mozilla/5.0 (X11; Linux x86_64) AppleWebKit/537.36 (KHTML, like Gecko) Chrome/60.0.3112.101 Safari/537.36"
::1 - - [15/Jan/2018:06:43:31 +0000] "POST /user/getList HTTP/1.1" 200 70 "http://localhost:8000/" "Mozilla/5.0 (X11; Linux x86_64) AppleWebKit/537.36 (KHTML, like Gecko) Chrome/60.0.3112.101 Safari/537.36"
::1 - - [15/Jan/2018:06:43:31 +0000] "POST /user/getList HTTP/1.1" 200 70 "http://localhost:8000/" "Mozilla/5.0 (X11; Linux x86_64) AppleWebKit/537.36 (KHTML, like Gecko) Chrome/60.0.3112.101 Safari/537.36"
::1 - - [15/Jan/2018:06:43:32 +0000] "POST /user/getList HTTP/1.1" 200 70 "http://localhost:8000/" "Mozilla/5.0 (X11; Linux x86_64) AppleWebKit/537.36 (KHTML, like Gecko) Chrome/60.0.3112.101 Safari/537.36"
::1 - - [15/Jan/2018:06:43:32 +0000] "POST /user/getList HTTP/1.1" 200 70 "http://localhost:8000/" "Mozilla/5.0 (X11; Linux x86_64) AppleWebKit/537.36 (KHTML, like Gecko) Chrome/60.0.3112.101 Safari/537.36"
::1 - - [15/Jan/2018:06:43:32 +0000] "POST /user/getList HTTP/1.1" 200 70 "http://localhost:8000/" "Mozilla/5.0 (X11; Linux x86_64) AppleWebKit/537.36 (KHTML, like Gecko) Chrome/60.0.3112.101 Safari/537.36"
::1 - - [15/Jan/2018:06:43:32 +0000] "POST /user/getList HTTP/1.1" 200 128 "http://localhost:8000/" "Mozilla/5.0 (X11; Linux x86_64) AppleWebKit/537.36 (KHTML, like Gecko) Chrome/60.0.3112.101 Safari/537.36"
::1 - - [15/Jan/2018:06:43:32 +0000] "POST /user/getList HTTP/1.1" 200 69 "http://localhost:8000/" "Mozilla/5.0 (X11; Linux x86_64) AppleWebKit/537.36 (KHTML, like Gecko) Chrome/60.0.3112.101 Safari/537.36"
::1 - - [15/Jan/2018:06:43:33 +0000] "POST /user/getList HTTP/1.1" 200 69 "http://localhost:8000/" "Mozilla/5.0 (X11; Linux x86_64) AppleWebKit/537.36 (KHTML, like Gecko) Chrome/60.0.3112.101 Safari/537.36"
::1 - - [15/Jan/2018:06:43:35 +0000] "POST /payment/create HTTP/1.1" 200 34 "http://localhost:8000/" "Mozilla/5.0 (X11; Linux x86_64) AppleWebKit/537.36 (KHTML, like Gecko) Chrome/60.0.3112.101 Safari/537.36"
::1 - - [15/Jan/2018:06:43:38 +0000] "POST /eatHistory/getList HTTP/1.1" 200 - "http://localhost:8000/" "Mozilla/5.0 (X11; Linux x86_64) AppleWebKit/537.36 (KHTML, like Gecko) Chrome/60.0.3112.101 Safari/537.36"
::1 - - [15/Jan/2018:06:43:38 +0000] "GET /favicon.ico HTTP/1.1" 500 23 "http://localhost:8000/" "Mozilla/5.0 (X11; Linux x86_64) AppleWebKit/537.36 (KHTML, like Gecko) Chrome/60.0.3112.101 Safari/537.36"
::1 - - [15/Jan/2018:06:43:39 +0000] "POST /payment/getList HTTP/1.1" 200 186 "http://localhost:8000/" "Mozilla/5.0 (X11; Linux x86_64) AppleWebKit/537.36 (KHTML, like Gecko) Chrome/60.0.3112.101 Safari/537.36"
::1 - - [15/Jan/2018:06:43:39 +0000] "GET /favicon.ico HTTP/1.1" 500 23 "http://localhost:8000/" "Mozilla/5.0 (X11; Linux x86_64) AppleWebKit/537.36 (KHTML, like Gecko) Chrome/60.0.3112.101 Safari/537.36"
::1 - - [15/Jan/2018:06:45:03 +0000] "GET /favicon.ico HTTP/1.1" 500 23 "http://localhost:8000/" "Mozilla/5.0 (X11; Linux x86_64) AppleWebKit/537.36 (KHTML, like Gecko) Chrome/60.0.3112.101 Safari/537.36"
::1 - - [15/Jan/2018:06:45:03 +0000] "POST /item/getList HTTP/1.1" 200 877 "http://localhost:8000/" "Mozilla/5.0 (X11; Linux x86_64) AppleWebKit/537.36 (KHTML, like Gecko) Chrome/60.0.3112.101 Safari/537.36"
::1 - - [15/Jan/2018:06:45:06 +0000] "POST /payment/getList HTTP/1.1" 200 233 "http://localhost:8000/" "Mozilla/5.0 (X11; Linux x86_64) AppleWebKit/537.36 (KHTML, like Gecko) Chrome/60.0.3112.101 Safari/537.36"
::1 - - [15/Jan/2018:06:45:06 +0000] "GET /favicon.ico HTTP/1.1" 500 23 "http://localhost:8000/" "Mozilla/5.0 (X11; Linux x86_64) AppleWebKit/537.36 (KHTML, like Gecko) Chrome/60.0.3112.101 Safari/537.36"
::1 - - [15/Jan/2018:06:45:07 +0000] "POST /item/getList HTTP/1.1" 200 877 "http://localhost:8000/" "Mozilla/5.0 (X11; Linux x86_64) AppleWebKit/537.36 (KHTML, like Gecko) Chrome/60.0.3112.101 Safari/537.36"
::1 - - [15/Jan/2018:06:45:07 +0000] "GET /favicon.ico HTTP/1.1" 500 23 "http://localhost:8000/" "Mozilla/5.0 (X11; Linux x86_64) AppleWebKit/537.36 (KHTML, like Gecko) Chrome/60.0.3112.101 Safari/537.36"
::1 - - [15/Jan/2018:06:45:08 +0000] "POST /payment/getList HTTP/1.1" 200 233 "http://localhost:8000/" "Mozilla/5.0 (X11; Linux x86_64) AppleWebKit/537.36 (KHTML, like Gecko) Chrome/60.0.3112.101 Safari/537.36"
::1 - - [15/Jan/2018:06:45:08 +0000] "GET /favicon.ico HTTP/1.1" 500 23 "http://localhost:8000/" "Mozilla/5.0 (X11; Linux x86_64) AppleWebKit/537.36 (KHTML, like Gecko) Chrome/60.0.3112.101 Safari/537.36"
::1 - - [15/Jan/2018:06:45:11 +0000] "POST /payment/update HTTP/1.1" 200 34 "http://localhost:8000/" "Mozilla/5.0 (X11; Linux x86_64) AppleWebKit/537.36 (KHTML, like Gecko) Chrome/60.0.3112.101 Safari/537.36"
::1 - - [15/Jan/2018:06:45:13 +0000] "POST /payment/update HTTP/1.1" 200 34 "http://localhost:8000/" "Mozilla/5.0 (X11; Linux x86_64) AppleWebKit/537.36 (KHTML, like Gecko) Chrome/60.0.3112.101 Safari/537.36"
::1 - - [15/Jan/2018:07:13:45 +0000] "GET /favicon.ico HTTP/1.1" 500 23 "http://localhost:8000/" "Mozilla/5.0 (X11; Linux x86_64) AppleWebKit/537.36 (KHTML, like Gecko) Chrome/60.0.3112.101 Safari/537.36"
::1 - - [15/Jan/2018:07:13:45 +0000] "GET /favicon.ico HTTP/1.1" 500 23 "http://localhost:8000/" "Mozilla/5.0 (X11; Linux x86_64) AppleWebKit/537.36 (KHTML, like Gecko) Chrome/60.0.3112.101 Safari/537.36"
::1 - - [15/Jan/2018:07:13:45 +0000] "POST /user/getList HTTP/1.1" 200 188 "http://localhost:8000/" "Mozilla/5.0 (X11; Linux x86_64) AppleWebKit/537.36 (KHTML, like Gecko) Chrome/60.0.3112.101 Safari/537.36"
::1 - - [15/Jan/2018:07:13:46 +0000] "GET /favicon.ico HTTP/1.1" 500 23 "http://localhost:8000/" "Mozilla/5.0 (X11; Linux x86_64) AppleWebKit/537.36 (KHTML, like Gecko) Chrome/60.0.3112.101 Safari/537.36"
::1 - - [15/Jan/2018:07:13:46 +0000] "POST /payment/getList HTTP/1.1" 200 233 "http://localhost:8000/" "Mozilla/5.0 (X11; Linux x86_64) AppleWebKit/537.36 (KHTML, like Gecko) Chrome/60.0.3112.101 Safari/537.36"
::1 - - [15/Jan/2018:07:13:47 +0000] "GET /favicon.ico HTTP/1.1" 500 23 "http://localhost:8000/" "Mozilla/5.0 (X11; Linux x86_64) AppleWebKit/537.36 (KHTML, like Gecko) Chrome/60.0.3112.101 Safari/537.36"
::1 - - [15/Jan/2018:07:13:47 +0000] "POST /eatHistory/getList HTTP/1.1" 200 - "http://localhost:8000/" "Mozilla/5.0 (X11; Linux x86_64) AppleWebKit/537.36 (KHTML, like Gecko) Chrome/60.0.3112.101 Safari/537.36"
::1 - - [15/Jan/2018:07:13:48 +0000] "POST /eatHistory/getList HTTP/1.1" 200 456 "http://localhost:8000/" "Mozilla/5.0 (X11; Linux x86_64) AppleWebKit/537.36 (KHTML, like Gecko) Chrome/60.0.3112.101 Safari/537.36"
::1 - - [15/Jan/2018:07:14:23 +0000] "GET /favicon.ico HTTP/1.1" 500 23 "http://localhost:8000/" "Mozilla/5.0 (X11; Linux x86_64) AppleWebKit/537.36 (KHTML, like Gecko) Chrome/60.0.3112.101 Safari/537.36"
::1 - - [15/Jan/2018:07:14:23 +0000] "POST /eatHistory/getList HTTP/1.1" 200 - "http://localhost:8000/" "Mozilla/5.0 (X11; Linux x86_64) AppleWebKit/537.36 (KHTML, like Gecko) Chrome/60.0.3112.101 Safari/537.36"
::1 - - [15/Jan/2018:07:14:26 +0000] "POST /eatHistory/getList HTTP/1.1" 200 456 "http://localhost:8000/" "Mozilla/5.0 (X11; Linux x86_64) AppleWebKit/537.36 (KHTML, like Gecko) Chrome/60.0.3112.101 Safari/537.36"
::1 - - [15/Jan/2018:07:17:22 +0000] "GET /favicon.ico HTTP/1.1" 500 23 "http://localhost:8000/" "Mozilla/5.0 (X11; Linux x86_64) AppleWebKit/537.36 (KHTML, like Gecko) Chrome/60.0.3112.101 Safari/537.36"
::1 - - [15/Jan/2018:07:17:22 +0000] "POST /eatHistory/getList HTTP/1.1" 200 - "http://localhost:8000/" "Mozilla/5.0 (X11; Linux x86_64) AppleWebKit/537.36 (KHTML, like Gecko) Chrome/60.0.3112.101 Safari/537.36"
::1 - - [15/Jan/2018:07:17:25 +0000] "POST /eatHistory/getList HTTP/1.1" 200 456 "http://localhost:8000/" "Mozilla/5.0 (X11; Linux x86_64) AppleWebKit/537.36 (KHTML, like Gecko) Chrome/60.0.3112.101 Safari/537.36"
::1 - - [15/Jan/2018:07:17:41 +0000] "POST /eatHistory/getList HTTP/1.1" 200 456 "http://localhost:8000/" "Mozilla/5.0 (X11; Linux x86_64) AppleWebKit/537.36 (KHTML, like Gecko) Chrome/60.0.3112.101 Safari/537.36"
::1 - - [15/Jan/2018:07:17:53 +0000] "POST /eatHistory/update HTTP/1.1" 200 34 "http://localhost:8000/" "Mozilla/5.0 (X11; Linux x86_64) AppleWebKit/537.36 (KHTML, like Gecko) Chrome/60.0.3112.101 Safari/537.36"
::1 - - [15/Jan/2018:07:17:53 +0000] "POST /eatHistory/getList HTTP/1.1" 200 - "http://localhost:8000/" "Mozilla/5.0 (X11; Linux x86_64) AppleWebKit/537.36 (KHTML, like Gecko) Chrome/60.0.3112.101 Safari/537.36"
::1 - - [15/Jan/2018:07:17:56 +0000] "POST /eatHistory/getList HTTP/1.1" 200 471 "http://localhost:8000/" "Mozilla/5.0 (X11; Linux x86_64) AppleWebKit/537.36 (KHTML, like Gecko) Chrome/60.0.3112.101 Safari/537.36"
::1 - - [15/Jan/2018:07:17:59 +0000] "POST /payment/getList HTTP/1.1" 200 233 "http://localhost:8000/" "Mozilla/5.0 (X11; Linux x86_64) AppleWebKit/537.36 (KHTML, like Gecko) Chrome/60.0.3112.101 Safari/537.36"
::1 - - [15/Jan/2018:07:17:59 +0000] "GET /favicon.ico HTTP/1.1" 500 23 "http://localhost:8000/" "Mozilla/5.0 (X11; Linux x86_64) AppleWebKit/537.36 (KHTML, like Gecko) Chrome/60.0.3112.101 Safari/537.36"
::1 - - [15/Jan/2018:07:17:59 +0000] "POST /eatHistory/getList HTTP/1.1" 200 - "http://localhost:8000/" "Mozilla/5.0 (X11; Linux x86_64) AppleWebKit/537.36 (KHTML, like Gecko) Chrome/60.0.3112.101 Safari/537.36"
::1 - - [15/Jan/2018:07:17:59 +0000] "GET /favicon.ico HTTP/1.1" 500 23 "http://localhost:8000/" "Mozilla/5.0 (X11; Linux x86_64) AppleWebKit/537.36 (KHTML, like Gecko) Chrome/60.0.3112.101 Safari/537.36"
::1 - - [15/Jan/2018:07:18:00 +0000] "POST /eatHistory/getList HTTP/1.1" 200 471 "http://localhost:8000/" "Mozilla/5.0 (X11; Linux x86_64) AppleWebKit/537.36 (KHTML, like Gecko) Chrome/60.0.3112.101 Safari/537.36"
